2023-03-17 08:32:51,550 DEBUG    at MainProcess MainThread in source.ProxyRotator.DefaultLogger.debug_wrapper line 51
2023-03-17 08:32:51,550 INFO     at MainProcess MainThread in source.ProxyRotator.ProxyRotator.__read_valid_proxies line 121
2023-03-17 08:32:51,551 INFO     at MainProcess MainThread in source.ProxyRotator.ProxyRotator.__read_valid_proxies line 125
2023-03-17 08:32:51,552 DEBUG    at MainProcess MainThread in source.ProxyRotator.DefaultLogger.debug_wrapper line 61
2023-03-17 08:32:51,554 DEBUG    at MainProcess MainThread in source.ProxyRotator.DefaultLogger.debug_wrapper line 51
2023-03-17 08:32:51,554 INFO     at MainProcess MainThread in source.ProxyRotator.ProxyRotator.rotating_requests line 155
2023-03-17 08:32:55,801 ERROR    at MainProcess MainThread in source.ProxyRotator.ProxyRotator.rotating_requests line 166
2023-03-17 08:32:55,804 DEBUG    at MainProcess MainThread in source.ProxyRotator.DefaultLogger.debug_wrapper line 51
2023-03-17 08:32:55,805 INFO     at MainProcess MainThread in source.ProxyRotator.ProxyRotator.rotating_requests line 155
2023-03-17 08:33:06,081 ERROR    at MainProcess MainThread in source.ProxyRotator.ProxyRotator.rotating_requests line 166
2023-03-17 08:33:06,084 DEBUG    at MainProcess MainThread in source.ProxyRotator.DefaultLogger.debug_wrapper line 51
2023-03-17 08:33:06,085 INFO     at MainProcess MainThread in source.ProxyRotator.ProxyRotator.rotating_requests line 155
2023-03-17 08:33:16,326 ERROR    at MainProcess MainThread in source.ProxyRotator.ProxyRotator.rotating_requests line 166
2023-03-17 08:33:16,339 DEBUG    at MainProcess MainThread in source.ProxyRotator.DefaultLogger.debug_wrapper line 51
2023-03-17 08:33:16,340 INFO     at MainProcess MainThread in source.ProxyRotator.ProxyRotator.rotating_requests line 155
2023-03-17 08:33:29,364 ERROR    at MainProcess MainThread in source.ProxyRotator.ProxyRotator.rotating_requests line 166
2023-03-17 08:33:29,378 DEBUG    at MainProcess MainThread in source.ProxyRotator.DefaultLogger.debug_wrapper line 51
2023-03-17 08:33:29,380 INFO     at MainProcess MainThread in source.ProxyRotator.ProxyRotator.rotating_requests line 155
2023-03-17 08:33:30,376 DEBUG    at MainProcess MainThread in source.ProxyRotator.DefaultLogger.debug_wrapper line 61
2023-03-17 08:33:30,377 DEBUG    at MainProcess MainThread in source.ProxyRotator.DefaultLogger.debug_wrapper line 61
2023-03-17 08:33:30,378 DEBUG    at MainProcess MainThread in source.ProxyRotator.DefaultLogger.debug_wrapper line 61
2023-03-17 08:33:30,378 DEBUG    at MainProcess MainThread in source.ProxyRotator.DefaultLogger.debug_wrapper line 61
2023-03-17 08:33:30,379 DEBUG    at MainProcess MainThread in source.ProxyRotator.DefaultLogger.debug_wrapper line 61
2023-03-17 08:33:30,381 DEBUG    at MainProcess MainThread in source.ProxyRotator.DefaultLogger.debug_wrapper line 51
2023-03-17 08:33:30,381 INFO     at MainProcess MainThread in source.ProxyRotator.ProxyRotator.rotating_requests line 155
2023-03-17 08:33:31,413 DEBUG    at MainProcess MainThread in source.ProxyRotator.DefaultLogger.debug_wrapper line 61
2023-03-17 08:33:31,419 DEBUG    at MainProcess MainThread in source.ProxyRotator.DefaultLogger.debug_wrapper line 51
2023-03-17 08:33:31,421 INFO     at MainProcess MainThread in source.ProxyRotator.ProxyRotator.rotating_requests line 155
2023-03-17 08:33:31,897 DEBUG    at MainProcess MainThread in source.ProxyRotator.DefaultLogger.debug_wrapper line 61
2023-03-17 08:59:34,790 DEBUG    at MainProcess MainThread in source.ProxyRotator.DefaultLogger.debug_wrapper line 56
2023-03-17 08:59:34,790 INFO     at MainProcess MainThread in source.ProxyRotator.ProxyRotator.__read_valid_proxies line 120
2023-03-17 08:59:34,792 INFO     at MainProcess MainThread in source.ProxyRotator.ProxyRotator.__read_valid_proxies line 124
2023-03-17 08:59:34,792 DEBUG    at MainProcess MainThread in source.ProxyRotator.DefaultLogger.debug_wrapper line 66
2023-03-17 08:59:34,794 DEBUG    at MainProcess MainThread in source.ProxyRotator.DefaultLogger.debug_wrapper line 56
2023-03-17 08:59:34,795 INFO     at MainProcess MainThread in source.ProxyRotator.ProxyRotator.rotating_requests line 154
2023-03-17 08:59:38,812 ERROR    at MainProcess MainThread in source.ProxyRotator.ProxyRotator.rotating_requests line 165
2023-03-17 08:59:38,815 DEBUG    at MainProcess MainThread in source.ProxyRotator.DefaultLogger.debug_wrapper line 56
2023-03-17 08:59:38,816 INFO     at MainProcess MainThread in source.ProxyRotator.ProxyRotator.rotating_requests line 154
2023-03-17 08:59:45,830 ERROR    at MainProcess MainThread in source.ProxyRotator.ProxyRotator.rotating_requests line 165
2023-03-17 08:59:45,833 DEBUG    at MainProcess MainThread in source.ProxyRotator.DefaultLogger.debug_wrapper line 56
2023-03-17 08:59:45,834 INFO     at MainProcess MainThread in source.ProxyRotator.ProxyRotator.rotating_requests line 154
2023-03-17 08:59:55,846 ERROR    at MainProcess MainThread in source.ProxyRotator.ProxyRotator.rotating_requests line 165
2023-03-17 08:59:55,858 DEBUG    at MainProcess MainThread in source.ProxyRotator.DefaultLogger.debug_wrapper line 56
2023-03-17 08:59:55,861 INFO     at MainProcess MainThread in source.ProxyRotator.ProxyRotator.rotating_requests line 154
2023-03-17 09:00:12,104 ERROR    at MainProcess MainThread in source.ProxyRotator.ProxyRotator.rotating_requests line 165
2023-03-17 09:00:12,109 DEBUG    at MainProcess MainThread in source.ProxyRotator.DefaultLogger.debug_wrapper line 56
2023-03-17 09:00:12,110 INFO     at MainProcess MainThread in source.ProxyRotator.ProxyRotator.rotating_requests line 154
2023-03-17 09:00:31,338 ERROR    at MainProcess MainThread in source.ProxyRotator.ProxyRotator.rotating_requests line 165
2023-03-17 09:00:31,348 DEBUG    at MainProcess MainThread in source.ProxyRotator.DefaultLogger.debug_wrapper line 56
2023-03-17 09:00:31,348 INFO     at MainProcess MainThread in source.ProxyRotator.ProxyRotator.rotating_requests line 154
2023-03-17 09:00:42,008 DEBUG    at MainProcess MainThread in source.ProxyRotator.DefaultLogger.debug_wrapper line 66
2023-03-17 09:00:42,009 DEBUG    at MainProcess MainThread in source.ProxyRotator.DefaultLogger.debug_wrapper line 66
2023-03-17 09:00:42,010 DEBUG    at MainProcess MainThread in source.ProxyRotator.DefaultLogger.debug_wrapper line 66
2023-03-17 09:00:42,010 DEBUG    at MainProcess MainThread in source.ProxyRotator.DefaultLogger.debug_wrapper line 66
2023-03-17 09:00:42,011 DEBUG    at MainProcess MainThread in source.ProxyRotator.DefaultLogger.debug_wrapper line 66
2023-03-17 09:00:42,012 DEBUG    at MainProcess MainThread in source.ProxyRotator.DefaultLogger.debug_wrapper line 66
2023-03-17 09:00:42,014 DEBUG    at MainProcess MainThread in source.ProxyRotator.DefaultLogger.debug_wrapper line 56
2023-03-17 09:00:42,014 INFO     at MainProcess MainThread in source.ProxyRotator.ProxyRotator.rotating_requests line 154
2023-03-17 09:00:49,258 ERROR    at MainProcess MainThread in source.ProxyRotator.ProxyRotator.rotating_requests line 165
2023-03-17 09:00:49,261 DEBUG    at MainProcess MainThread in source.ProxyRotator.DefaultLogger.debug_wrapper line 56
2023-03-17 09:00:49,262 INFO     at MainProcess MainThread in source.ProxyRotator.ProxyRotator.rotating_requests line 154
2023-03-17 09:00:56,276 ERROR    at MainProcess MainThread in source.ProxyRotator.ProxyRotator.rotating_requests line 165
2023-03-17 09:00:56,284 DEBUG    at MainProcess MainThread in source.ProxyRotator.DefaultLogger.debug_wrapper line 56
2023-03-17 09:00:56,286 INFO     at MainProcess MainThread in source.ProxyRotator.ProxyRotator.rotating_requests line 154
2023-03-17 09:01:04,484 DEBUG    at MainProcess MainThread in source.ProxyRotator.DefaultLogger.debug_wrapper line 66
2023-03-17 09:01:04,486 DEBUG    at MainProcess MainThread in source.ProxyRotator.DefaultLogger.debug_wrapper line 66
2023-03-17 09:01:04,488 DEBUG    at MainProcess MainThread in source.ProxyRotator.DefaultLogger.debug_wrapper line 66
2023-03-17 09:01:04,493 DEBUG    at MainProcess MainThread in source.ProxyRotator.DefaultLogger.debug_wrapper line 56
2023-03-17 09:01:04,496 INFO     at MainProcess MainThread in source.ProxyRotator.ProxyRotator.rotating_requests line 154
2023-03-17 09:01:08,516 ERROR    at MainProcess MainThread in source.ProxyRotator.ProxyRotator.rotating_requests line 165
2023-03-17 09:01:08,523 DEBUG    at MainProcess MainThread in source.ProxyRotator.DefaultLogger.debug_wrapper line 56
2023-03-17 09:01:08,524 INFO     at MainProcess MainThread in source.ProxyRotator.ProxyRotator.rotating_requests line 154
2023-03-17 09:01:09,459 DEBUG    at MainProcess MainThread in source.ProxyRotator.DefaultLogger.debug_wrapper line 66
2023-03-17 09:01:09,459 DEBUG    at MainProcess MainThread in source.ProxyRotator.DefaultLogger.debug_wrapper line 66
2023-03-17 10:05:05,777 DEBUG    at MainProcess MainThread in __main__.DefaultLogger.debug_wrapper line 86
2023-03-17 10:05:05,777 DEBUG    at MainProcess MainThread in __main__.DefaultLogger.debug_wrapper line 96
2023-03-17 10:05:05,778 INFO     at MainProcess MainThread in __main__.test.mess line 18
2023-03-17 10:05:05,779 INFO     at MainProcess MainThread in __main__.test.mess line 18
2023-03-17 10:05:05,779 INFO     at MainProcess MainThread in __main__.test.mess line 18
2023-03-17 10:05:05,780 INFO     at MainProcess MainThread in __main__.test.mess line 18
2023-03-17 10:05:05,781 INFO     at MainProcess MainThread in __main__.test.mess line 18
2023-03-17 10:05:05,781 INFO     at MainProcess MainThread in __main__.test.mess line 18
2023-03-17 10:08:14,740 DEBUG    at MainProcess MainThread in __main__.DefaultLogger.debug_wrapper line 86
2023-03-17 10:08:14,741 DEBUG    at MainProcess MainThread in __main__.DefaultLogger.debug_wrapper line 96
2023-03-17 10:08:14,741 INFO     at MainProcess MainThread in __main__.test.mess line 18
2023-03-17 10:08:14,742 INFO     at MainProcess MainThread in __main__.test.mess line 18
2023-03-17 10:08:14,742 INFO     at MainProcess MainThread in __main__.test.mess line 18
2023-03-17 10:08:14,743 INFO     at MainProcess MainThread in __main__.test.mess line 18
2023-03-17 10:08:14,744 INFO     at MainProcess MainThread in __main__.test.mess line 18
2023-03-17 10:08:14,744 INFO     at MainProcess MainThread in __main__.test.mess line 18
2023-03-17 10:15:10,640 DEBUG    at MainProcess MainThread in __main__.DefaultLogger.debug_wrapper line 85
2023-03-17 10:15:10,640 DEBUG    at MainProcess MainThread in __main__.DefaultLogger.debug_wrapper line 95
2023-03-17 10:15:10,641 INFO     at MainProcess MainThread in __main__.test.mess line 18
2023-03-17 10:15:10,641 INFO     at MainProcess MainThread in __main__.test.mess line 18
2023-03-17 10:15:10,642 INFO     at MainProcess MainThread in __main__.test.mess line 18
2023-03-17 10:15:10,642 INFO     at MainProcess MainThread in __main__.test.mess line 18
2023-03-17 10:15:10,643 INFO     at MainProcess MainThread in __main__.test.mess line 18
2023-03-17 10:15:10,644 INFO     at MainProcess MainThread in __main__.test.mess line 18
2023-03-17 10:23:14,427 DEBUG    at MainProcess MainThread in __main__.DefaultLogger.debug_wrapper line 85
2023-03-17 10:23:14,428 INFO     at MainProcess MainThread in __main__.test.add line 15
2023-03-17 10:23:14,429 DEBUG    at MainProcess MainThread in __main__.DefaultLogger.debug_wrapper line 95
2023-03-17 10:23:14,430 INFO     at MainProcess MainThread in __main__.test.mess line 19
2023-03-17 10:23:14,431 INFO     at MainProcess MainThread in __main__.test.mess line 19
2023-03-17 10:23:14,432 INFO     at MainProcess MainThread in __main__.test.mess line 19
2023-03-17 10:23:14,433 INFO     at MainProcess MainThread in __main__.test.mess line 19
2023-03-17 10:23:14,434 INFO     at MainProcess MainThread in __main__.test.mess line 19
2023-03-17 10:23:14,434 INFO     at MainProcess MainThread in __main__.test.mess line 19
2023-03-17 10:26:31,835 DEBUG    at MainProcess MainThread in __main__.DefaultLogger.debug_wrapper line 70
2023-03-17 10:26:31,836 INFO     at MainProcess MainThread in __main__.test.add line 15
2023-03-17 10:26:31,837 WARNING  at MainProcess MainThread in __main__.test.add line 16
2023-03-17 10:26:31,838 DEBUG    at MainProcess MainThread in __main__.DefaultLogger.debug_wrapper line 80
2023-03-17 10:26:31,839 INFO     at MainProcess MainThread in __main__.test.mess line 20
2023-03-17 10:26:31,840 INFO     at MainProcess MainThread in __main__.test.mess line 20
2023-03-17 10:26:31,840 INFO     at MainProcess MainThread in __main__.test.mess line 20
2023-03-17 10:26:31,841 INFO     at MainProcess MainThread in __main__.test.mess line 20
2023-03-17 10:26:31,842 INFO     at MainProcess MainThread in __main__.test.mess line 20
2023-03-17 10:26:31,842 INFO     at MainProcess MainThread in __main__.test.mess line 20
2023-03-17 10:28:45,117 DEBUG    at MainProcess MainThread in __main__.DefaultLogger.debug_wrapper line 70
2023-03-17 10:28:45,118 INFO     at MainProcess MainThread in __main__.test.add line 16
2023-03-17 10:28:45,118 WARNING  at MainProcess MainThread in root.test.add line 17
2023-03-17 10:28:45,119 DEBUG    at MainProcess MainThread in __main__.DefaultLogger.debug_wrapper line 80
2023-03-17 10:28:45,120 INFO     at MainProcess MainThread in __main__.test.mess line 21
2023-03-17 10:28:45,120 INFO     at MainProcess MainThread in __main__.test.mess line 21
2023-03-17 10:28:45,121 INFO     at MainProcess MainThread in __main__.test.mess line 21
2023-03-17 10:28:45,121 INFO     at MainProcess MainThread in __main__.test.mess line 21
2023-03-17 10:28:45,122 INFO     at MainProcess MainThread in __main__.test.mess line 21
2023-03-17 10:28:45,123 INFO     at MainProcess MainThread in __main__.test.mess line 21
2023-03-17 10:29:44,263 DEBUG    at MainProcess MainThread in __main__.DefaultLogger.debug_wrapper line 70
2023-03-17 10:29:44,265 INFO     at MainProcess MainThread in __main__.test.add line 16
2023-03-17 10:31:17,547 WARNING  at MainProcess MainThread in root.test.add line 17
2023-03-17 10:31:53,592 DEBUG    at MainProcess MainThread in __main__.DefaultLogger.debug_wrapper line 70
2023-03-17 10:31:53,592 INFO     at MainProcess MainThread in __main__.test.add line 16
2023-03-17 10:31:53,593 WARNING  at MainProcess MainThread in root.test.add line 17
2023-03-17 10:31:53,594 DEBUG    at MainProcess MainThread in __main__.DefaultLogger.debug_wrapper line 80
2023-03-17 10:31:53,594 INFO     at MainProcess MainThread in __main__.test.mess line 21
2023-03-17 10:31:53,595 INFO     at MainProcess MainThread in __main__.test.mess line 21
2023-03-17 10:31:53,596 INFO     at MainProcess MainThread in __main__.test.mess line 21
2023-03-17 10:31:53,596 INFO     at MainProcess MainThread in __main__.test.mess line 21
2023-03-17 10:31:53,597 INFO     at MainProcess MainThread in __main__.test.mess line 21
2023-03-17 10:31:53,597 INFO     at MainProcess MainThread in __main__.test.mess line 21
2023-03-17 10:32:59,885 DEBUG    at MainProcess MainThread in __main__.DefaultLogger.debug_wrapper line 70
2023-03-17 10:32:59,886 INFO     at MainProcess MainThread in __main__.test.add line 15
2023-03-17 10:32:59,887 WARNING  at MainProcess MainThread in root.test.add line 16
2023-03-17 10:32:59,888 DEBUG    at MainProcess MainThread in __main__.DefaultLogger.debug_wrapper line 80
2023-03-17 10:32:59,889 INFO     at MainProcess MainThread in __main__.test.mess line 20
2023-03-17 10:32:59,890 INFO     at MainProcess MainThread in __main__.test.mess line 20
2023-03-17 10:32:59,891 INFO     at MainProcess MainThread in __main__.test.mess line 20
2023-03-17 10:32:59,891 INFO     at MainProcess MainThread in __main__.test.mess line 20
2023-03-17 10:32:59,892 INFO     at MainProcess MainThread in __main__.test.mess line 20
2023-03-17 10:32:59,892 INFO     at MainProcess MainThread in __main__.test.mess line 20
2023-03-17 10:42:00,006 ERROR    at MainProcess MainThread in __main__.DefaultLogger.debug_wrapper line 69
2023-03-17 10:42:00,008 DEBUG    at MainProcess MainThread in __main__.DefaultLogger.debug_wrapper line 70
2023-03-17 10:42:00,009 INFO     at MainProcess MainThread in __main__.test.add line 15
2023-03-17 10:42:00,010 WARNING  at MainProcess MainThread in root.test.add line 16
2023-03-17 10:42:00,012 DEBUG    at MainProcess MainThread in __main__.DefaultLogger.debug_wrapper line 80
2023-03-17 10:42:00,013 INFO     at MainProcess MainThread in __main__.test.mess line 20
2023-03-17 10:42:00,014 INFO     at MainProcess MainThread in __main__.test.mess line 20
2023-03-17 10:42:00,015 INFO     at MainProcess MainThread in __main__.test.mess line 20
2023-03-17 10:42:00,016 INFO     at MainProcess MainThread in __main__.test.mess line 20
2023-03-17 10:42:00,017 INFO     at MainProcess MainThread in __main__.test.mess line 20
2023-03-17 10:42:00,018 INFO     at MainProcess MainThread in __main__.test.mess line 20
2023-03-17 10:44:02,424 DEBUG    at MainProcess MainThread in __main__.DefaultLogger.debug_wrapper line 69
2023-03-17 10:44:02,425 INFO     at MainProcess MainThread in __main__.test.add line 15
2023-03-17 10:44:02,426 WARNING  at MainProcess MainThread in root.test.add line 16
2023-03-17 10:44:02,426 DEBUG    at MainProcess MainThread in __main__.DefaultLogger.debug_wrapper line 79
2023-03-17 10:44:02,427 INFO     at MainProcess MainThread in __main__.test.mess line 20
2023-03-17 10:44:02,428 INFO     at MainProcess MainThread in __main__.test.mess line 20
2023-03-17 10:44:02,428 INFO     at MainProcess MainThread in __main__.test.mess line 20
2023-03-17 10:44:02,429 INFO     at MainProcess MainThread in __main__.test.mess line 20
2023-03-17 10:44:02,429 INFO     at MainProcess MainThread in __main__.test.mess line 20
2023-03-17 10:44:02,430 INFO     at MainProcess MainThread in __main__.test.mess line 20
2023-03-17 10:44:54,360 DEBUG    at MainProcess MainThread in __main__.DefaultLogger.debug_wrapper line 69
2023-03-17 10:44:54,361 INFO     at MainProcess MainThread in __main__.test.add line 15
2023-03-17 10:44:54,362 WARNING  at MainProcess MainThread in root.test.add line 16
2023-03-17 10:44:54,362 DEBUG    at MainProcess MainThread in __main__.DefaultLogger.debug_wrapper line 79
2023-03-17 10:44:54,363 INFO     at MainProcess MainThread in __main__.test.mess line 20
2023-03-17 10:44:54,363 INFO     at MainProcess MainThread in __main__.test.mess line 20
2023-03-17 10:44:54,364 INFO     at MainProcess MainThread in __main__.test.mess line 20
2023-03-17 10:44:54,364 INFO     at MainProcess MainThread in __main__.test.mess line 20
2023-03-17 10:44:54,365 INFO     at MainProcess MainThread in __main__.test.mess line 20
2023-03-17 10:44:54,365 INFO     at MainProcess MainThread in __main__.test.mess line 20
2023-03-17 10:47:07,045 DEBUG    at MainProcess MainThread in __main__.DefaultLogger.debug_wrapper line 70
2023-03-17 10:47:07,046 INFO     at MainProcess MainThread in __main__.test.add line 15
2023-03-17 10:47:07,047 WARNING  at MainProcess MainThread in root.test.add line 16
2023-03-17 10:47:07,047 DEBUG    at MainProcess MainThread in __main__.DefaultLogger.debug_wrapper line 80
2023-03-17 10:47:07,048 INFO     at MainProcess MainThread in __main__.test.mess line 20
2023-03-17 10:47:07,048 INFO     at MainProcess MainThread in __main__.test.mess line 20
2023-03-17 10:47:07,049 INFO     at MainProcess MainThread in __main__.test.mess line 20
2023-03-17 10:47:07,049 INFO     at MainProcess MainThread in __main__.test.mess line 20
2023-03-17 10:47:07,050 INFO     at MainProcess MainThread in __main__.test.mess line 20
2023-03-17 10:47:07,050 INFO     at MainProcess MainThread in __main__.test.mess line 20
2023-03-17 10:47:57,104 INFO     at MainProcess MainThread in __main__.test.add line 15
2023-03-17 10:47:57,104 WARNING  at MainProcess MainThread in root.test.add line 16
2023-03-17 10:47:57,105 INFO     at MainProcess MainThread in __main__.test.mess line 20
2023-03-17 10:47:57,106 INFO     at MainProcess MainThread in __main__.test.mess line 20
2023-03-17 10:47:57,106 INFO     at MainProcess MainThread in __main__.test.mess line 20
2023-03-17 10:47:57,107 INFO     at MainProcess MainThread in __main__.test.mess line 20
2023-03-17 10:47:57,108 INFO     at MainProcess MainThread in __main__.test.mess line 20
2023-03-17 10:47:57,109 INFO     at MainProcess MainThread in __main__.test.mess line 20
2023-03-17 10:48:14,241 INFO     at MainProcess MainThread in __main__.test.add line 15
2023-03-17 10:48:14,242 WARNING  at MainProcess MainThread in root.test.add line 16
2023-03-17 10:48:14,242 INFO     at MainProcess MainThread in __main__.test.mess line 20
2023-03-17 10:48:14,243 INFO     at MainProcess MainThread in __main__.test.mess line 20
2023-03-17 10:48:14,243 INFO     at MainProcess MainThread in __main__.test.mess line 20
2023-03-17 10:48:14,244 INFO     at MainProcess MainThread in __main__.test.mess line 20
2023-03-17 10:48:14,244 INFO     at MainProcess MainThread in __main__.test.mess line 20
2023-03-17 10:48:14,245 INFO     at MainProcess MainThread in __main__.test.mess line 20
2023-03-17 10:49:04,298 DEBUG    at MainProcess MainThread in __main__.DefaultLogger.debug_wrapper line 70
2023-03-17 10:49:04,299 INFO     at MainProcess MainThread in __main__.test.add line 15
2023-03-17 10:49:04,299 WARNING  at MainProcess MainThread in root.test.add line 16
2023-03-17 10:49:04,301 DEBUG    at MainProcess MainThread in __main__.DefaultLogger.debug_wrapper line 80
2023-03-17 10:49:04,301 INFO     at MainProcess MainThread in __main__.test.mess line 20
2023-03-17 10:49:04,302 INFO     at MainProcess MainThread in __main__.test.mess line 20
2023-03-17 10:49:04,303 INFO     at MainProcess MainThread in __main__.test.mess line 20
2023-03-17 10:49:04,304 INFO     at MainProcess MainThread in __main__.test.mess line 20
2023-03-17 10:49:04,304 INFO     at MainProcess MainThread in __main__.test.mess line 20
2023-03-17 10:49:04,305 INFO     at MainProcess MainThread in __main__.test.mess line 20
2023-03-17 11:28:42,404 DEBUG    at MainProcess MainThread in __main__.DefaultLogger.debug_wrapper line 73
2023-03-17 11:28:42,404 INFO     at MainProcess MainThread in __main__.test.add line 15
2023-03-17 11:28:42,405 WARNING  at MainProcess MainThread in root.test.add line 16
2023-03-17 11:29:03,100 DEBUG    at MainProcess MainThread in __main__.DefaultLogger.debug_wrapper line 73
2023-03-17 11:29:03,101 INFO     at MainProcess MainThread in __main__.test.add line 15
2023-03-17 11:29:03,101 WARNING  at MainProcess MainThread in root.test.add line 16
2023-03-17 11:29:03,102 DEBUG    at MainProcess MainThread in __main__.DefaultLogger.debug_wrapper line 84
2023-03-17 11:29:03,103 INFO     at MainProcess MainThread in __main__.test.mess line 20
2023-03-17 11:29:03,104 INFO     at MainProcess MainThread in __main__.test.mess line 20
2023-03-17 11:29:03,105 INFO     at MainProcess MainThread in __main__.test.mess line 20
2023-03-17 11:29:03,105 INFO     at MainProcess MainThread in __main__.test.mess line 20
2023-03-17 11:29:03,106 INFO     at MainProcess MainThread in __main__.test.mess line 20
2023-03-17 11:29:03,107 INFO     at MainProcess MainThread in __main__.test.mess line 20
2023-03-17 11:29:40,447 DEBUG    at MainProcess MainThread in __main__.DefaultLogger.debug_wrapper line 73
2023-03-17 11:29:40,448 INFO     at MainProcess MainThread in __main__.test.add line 15
2023-03-17 11:29:40,448 WARNING  at MainProcess MainThread in root.test.add line 16
2023-03-17 11:29:40,449 DEBUG    at MainProcess MainThread in __main__.DefaultLogger.debug_wrapper line 84
2023-03-17 11:29:40,450 INFO     at MainProcess MainThread in __main__.test.mess line 20
2023-03-17 11:29:40,451 INFO     at MainProcess MainThread in __main__.test.mess line 20
2023-03-17 11:29:40,451 INFO     at MainProcess MainThread in __main__.test.mess line 20
2023-03-17 11:29:40,452 INFO     at MainProcess MainThread in __main__.test.mess line 20
2023-03-17 11:29:40,452 INFO     at MainProcess MainThread in __main__.test.mess line 20
2023-03-17 11:29:40,453 INFO     at MainProcess MainThread in __main__.test.mess line 20
2023-03-17 11:30:26,804 DEBUG    at MainProcess MainThread in __main__.DefaultLogger.debug_wrapper line 73
2023-03-17 11:30:26,804 INFO     at MainProcess MainThread in __main__.test.add line 15
2023-03-17 11:30:26,805 WARNING  at MainProcess MainThread in root.test.add line 16
2023-03-17 11:30:26,806 DEBUG    at MainProcess MainThread in __main__.DefaultLogger.debug_wrapper line 85
2023-03-17 11:30:26,806 INFO     at MainProcess MainThread in __main__.test.mess line 20
2023-03-17 11:30:26,807 INFO     at MainProcess MainThread in __main__.test.mess line 20
2023-03-17 11:30:26,807 INFO     at MainProcess MainThread in __main__.test.mess line 20
2023-03-17 11:30:26,808 INFO     at MainProcess MainThread in __main__.test.mess line 20
2023-03-17 11:30:26,808 INFO     at MainProcess MainThread in __main__.test.mess line 20
2023-03-17 11:30:26,809 INFO     at MainProcess MainThread in __main__.test.mess line 20
2023-03-17 11:33:52,413 DEBUG    at MainProcess MainThread in __main__.DefaultLogger.debug_wrapper line 72
2023-03-17 11:33:52,413 INFO     at MainProcess MainThread in __main__.test.add line 15
2023-03-17 11:33:52,414 WARNING  at MainProcess MainThread in root.test.add line 16
2023-03-17 11:33:52,415 DEBUG    at MainProcess MainThread in __main__.DefaultLogger.debug_wrapper line 82
2023-03-17 11:33:52,416 INFO     at MainProcess MainThread in __main__.test.mess line 20
2023-03-17 11:33:52,417 INFO     at MainProcess MainThread in __main__.test.mess line 20
2023-03-17 11:33:52,418 INFO     at MainProcess MainThread in __main__.test.mess line 20
2023-03-17 11:33:52,419 INFO     at MainProcess MainThread in __main__.test.mess line 20
2023-03-17 11:33:52,420 INFO     at MainProcess MainThread in __main__.test.mess line 20
2023-03-17 11:33:52,421 INFO     at MainProcess MainThread in __main__.test.mess line 20
2023-03-17 11:39:45,824 DEBUG    at MainProcess MainThread in __main__.DefaultLogger.debug_wrapper line 74
2023-03-17 11:39:45,824 INFO     at MainProcess MainThread in __main__.test.add line 15
2023-03-17 11:39:45,825 WARNING  at MainProcess MainThread in root.test.add line 16
2023-03-17 11:39:45,826 DEBUG    at MainProcess MainThread in __main__.DefaultLogger.debug_wrapper line 84
2023-03-17 11:39:45,826 INFO     at MainProcess MainThread in __main__.test.mess line 20
2023-03-17 11:39:45,827 INFO     at MainProcess MainThread in __main__.test.mess line 20
2023-03-17 11:39:45,827 INFO     at MainProcess MainThread in __main__.test.mess line 20
2023-03-17 11:39:45,828 INFO     at MainProcess MainThread in __main__.test.mess line 20
2023-03-17 11:39:45,828 INFO     at MainProcess MainThread in __main__.test.mess line 20
2023-03-17 11:39:45,829 INFO     at MainProcess MainThread in __main__.test.mess line 20
2023-03-17 11:43:03,553 DEBUG    at MainProcess MainThread in source.ProxyRotator.DefaultLogger.debug_wrapper line 73
2023-03-17 11:43:03,554 INFO     at MainProcess MainThread in source.ProxyRotator.ProxyRotator.__read_valid_proxies line 121
2023-03-17 11:43:03,555 INFO     at MainProcess MainThread in source.ProxyRotator.ProxyRotator.__read_valid_proxies line 125
2023-03-17 11:43:03,556 DEBUG    at MainProcess MainThread in source.ProxyRotator.DefaultLogger.debug_wrapper line 83
2023-03-17 11:43:03,557 DEBUG    at MainProcess MainThread in source.ProxyRotator.DefaultLogger.debug_wrapper line 73
2023-03-17 11:43:03,558 INFO     at MainProcess MainThread in source.ProxyRotator.ProxyRotator.rotating_requests line 155
2023-03-17 11:43:10,802 ERROR    at MainProcess MainThread in source.ProxyRotator.ProxyRotator.rotating_requests line 166
2023-03-17 11:43:10,806 DEBUG    at MainProcess MainThread in source.ProxyRotator.DefaultLogger.debug_wrapper line 73
2023-03-17 11:43:10,807 INFO     at MainProcess MainThread in source.ProxyRotator.ProxyRotator.rotating_requests line 155
2023-03-17 11:43:18,028 ERROR    at MainProcess MainThread in source.ProxyRotator.ProxyRotator.rotating_requests line 166
2023-03-17 11:43:18,038 DEBUG    at MainProcess MainThread in source.ProxyRotator.DefaultLogger.debug_wrapper line 73
2023-03-17 11:43:18,040 INFO     at MainProcess MainThread in source.ProxyRotator.ProxyRotator.rotating_requests line 155
2023-03-17 11:43:28,056 ERROR    at MainProcess MainThread in source.ProxyRotator.ProxyRotator.rotating_requests line 166
2023-03-17 11:43:28,061 DEBUG    at MainProcess MainThread in source.ProxyRotator.DefaultLogger.debug_wrapper line 73
2023-03-17 11:43:28,062 INFO     at MainProcess MainThread in source.ProxyRotator.ProxyRotator.rotating_requests line 155
2023-03-17 11:43:41,294 ERROR    at MainProcess MainThread in source.ProxyRotator.ProxyRotator.rotating_requests line 166
2023-03-17 11:43:41,299 DEBUG    at MainProcess MainThread in source.ProxyRotator.DefaultLogger.debug_wrapper line 73
2023-03-17 11:43:41,300 INFO     at MainProcess MainThread in source.ProxyRotator.ProxyRotator.rotating_requests line 155
2023-03-17 11:43:49,005 DEBUG    at MainProcess MainThread in source.ProxyRotator.DefaultLogger.debug_wrapper line 83
2023-03-17 11:43:49,006 DEBUG    at MainProcess MainThread in source.ProxyRotator.DefaultLogger.debug_wrapper line 83
2023-03-17 11:43:49,007 DEBUG    at MainProcess MainThread in source.ProxyRotator.DefaultLogger.debug_wrapper line 83
2023-03-17 11:43:49,007 DEBUG    at MainProcess MainThread in source.ProxyRotator.DefaultLogger.debug_wrapper line 83
2023-03-17 11:43:49,008 DEBUG    at MainProcess MainThread in source.ProxyRotator.DefaultLogger.debug_wrapper line 83
2023-03-17 11:43:49,009 DEBUG    at MainProcess MainThread in source.ProxyRotator.DefaultLogger.debug_wrapper line 73
2023-03-17 11:43:49,010 INFO     at MainProcess MainThread in source.ProxyRotator.ProxyRotator.rotating_requests line 155
2023-03-17 11:43:54,504 DEBUG    at MainProcess MainThread in source.ProxyRotator.DefaultLogger.debug_wrapper line 83
2023-03-17 11:43:54,507 DEBUG    at MainProcess MainThread in source.ProxyRotator.DefaultLogger.debug_wrapper line 73
2023-03-17 11:43:54,508 INFO     at MainProcess MainThread in source.ProxyRotator.ProxyRotator.rotating_requests line 155
2023-03-17 11:43:58,521 ERROR    at MainProcess MainThread in source.ProxyRotator.ProxyRotator.rotating_requests line 166
2023-03-17 11:43:58,525 DEBUG    at MainProcess MainThread in source.ProxyRotator.DefaultLogger.debug_wrapper line 73
2023-03-17 11:43:58,526 INFO     at MainProcess MainThread in source.ProxyRotator.ProxyRotator.rotating_requests line 155
2023-03-17 11:43:59,948 DEBUG    at MainProcess MainThread in source.ProxyRotator.DefaultLogger.debug_wrapper line 83
2023-03-17 11:43:59,949 DEBUG    at MainProcess MainThread in source.ProxyRotator.DefaultLogger.debug_wrapper line 83
2023-03-17 11:58:18,512 INFO     at MainProcess MainThread in __main__.test.add line 15
2023-03-17 11:58:18,513 WARNING  at MainProcess MainThread in root.test.add line 16
2023-03-17 11:58:18,514 DEBUG    at MainProcess MainThread in __main__.DefaultLogger.debug_wrapper line 84
2023-03-17 11:58:18,514 INFO     at MainProcess MainThread in __main__.test.mess line 20
2023-03-17 11:58:18,515 INFO     at MainProcess MainThread in __main__.test.mess line 20
2023-03-17 11:58:18,516 INFO     at MainProcess MainThread in __main__.test.mess line 20
2023-03-17 11:58:18,517 INFO     at MainProcess MainThread in __main__.test.mess line 20
2023-03-17 11:58:18,518 INFO     at MainProcess MainThread in __main__.test.mess line 20
2023-03-17 11:58:18,518 INFO     at MainProcess MainThread in __main__.test.mess line 20
2023-03-17 12:03:56,721 INFO     at MainProcess MainThread in __main__.test.add line 15
2023-03-17 12:03:56,721 WARNING  at MainProcess MainThread in root.test.add line 16
2023-03-17 12:03:56,722 DEBUG    at MainProcess MainThread in __main__.DefaultLogger.debug_wrapper line 87
2023-03-17 12:03:56,723 INFO     at MainProcess MainThread in __main__.test.mess line 20
2023-03-17 12:03:56,723 INFO     at MainProcess MainThread in __main__.test.mess line 20
2023-03-17 12:03:56,724 INFO     at MainProcess MainThread in __main__.test.mess line 20
2023-03-17 12:03:56,724 INFO     at MainProcess MainThread in __main__.test.mess line 20
2023-03-17 12:03:56,725 INFO     at MainProcess MainThread in __main__.test.mess line 20
2023-03-17 12:03:56,726 INFO     at MainProcess MainThread in __main__.test.mess line 20
2023-03-17 12:04:31,520 DEBUG    at MainProcess MainThread in __main__.DefaultLogger.debug_wrapper line 73
2023-03-17 12:04:31,521 INFO     at MainProcess MainThread in __main__.test.add line 15
2023-03-17 12:04:31,521 WARNING  at MainProcess MainThread in root.test.add line 16
2023-03-17 12:04:31,522 DEBUG    at MainProcess MainThread in __main__.DefaultLogger.debug_wrapper line 83
2023-03-17 12:04:31,522 INFO     at MainProcess MainThread in __main__.test.mess line 20
2023-03-17 12:04:31,523 INFO     at MainProcess MainThread in __main__.test.mess line 20
2023-03-17 12:04:31,524 INFO     at MainProcess MainThread in __main__.test.mess line 20
2023-03-17 12:04:31,524 INFO     at MainProcess MainThread in __main__.test.mess line 20
2023-03-17 12:04:31,525 INFO     at MainProcess MainThread in __main__.test.mess line 20
2023-03-17 12:04:31,525 INFO     at MainProcess MainThread in __main__.test.mess line 20
2023-03-17 12:10:20,910 DEBUG    at MainProcess MainThread in __main__.DefaultLogger.debug_wrapper line 77
2023-03-17 12:10:20,912 INFO     at MainProcess MainThread in __main__.test.add line 15
2023-03-17 12:10:20,913 WARNING  at MainProcess MainThread in root.test.add line 16
2023-03-17 12:10:20,914 DEBUG    at MainProcess MainThread in __main__.DefaultLogger.debug_wrapper line 89
2023-03-17 12:10:20,914 INFO     at MainProcess MainThread in __main__.test.mess line 20
2023-03-17 12:10:20,915 INFO     at MainProcess MainThread in __main__.test.mess line 20
2023-03-17 12:10:20,916 INFO     at MainProcess MainThread in __main__.test.mess line 20
2023-03-17 12:10:20,916 INFO     at MainProcess MainThread in __main__.test.mess line 20
2023-03-17 12:10:20,917 INFO     at MainProcess MainThread in __main__.test.mess line 20
2023-03-17 12:10:20,917 INFO     at MainProcess MainThread in __main__.test.mess line 20
2023-03-17 12:11:53,874 DEBUG    at MainProcess MainThread in __main__.DefaultLogger.debug_wrapper line 77
2023-03-17 12:11:53,874 INFO     at MainProcess MainThread in __main__.test.add line 15
2023-03-17 12:11:53,875 WARNING  at MainProcess MainThread in __main__.test.add line 16
2023-03-17 12:11:53,876 DEBUG    at MainProcess MainThread in __main__.DefaultLogger.debug_wrapper line 89
2023-03-17 12:11:53,877 INFO     at MainProcess MainThread in __main__.test.mess line 20
2023-03-17 12:11:53,878 INFO     at MainProcess MainThread in __main__.test.mess line 20
2023-03-17 12:11:53,878 INFO     at MainProcess MainThread in __main__.test.mess line 20
2023-03-17 12:11:53,879 INFO     at MainProcess MainThread in __main__.test.mess line 20
2023-03-17 12:11:53,879 INFO     at MainProcess MainThread in __main__.test.mess line 20
2023-03-17 12:11:53,880 INFO     at MainProcess MainThread in __main__.test.mess line 20
2023-03-17 12:15:57,755 DEBUG    at MainProcess MainThread in __main__.DefaultLogger.send_log line 43
2023-03-17 12:15:57,756 DEBUG    at MainProcess MainThread in __main__.DefaultLogger.debug_wrapper line 85
2023-03-17 12:15:57,756 INFO     at MainProcess MainThread in __main__.test.add line 15
2023-03-17 12:15:57,757 WARNING  at MainProcess MainThread in __main__.test.add line 16
2023-03-17 12:15:57,758 DEBUG    at MainProcess MainThread in __main__.DefaultLogger.debug_wrapper line 97
2023-03-17 12:15:57,758 INFO     at MainProcess MainThread in __main__.test.mess line 20
2023-03-17 12:15:57,759 INFO     at MainProcess MainThread in __main__.test.mess line 20
2023-03-17 12:15:57,759 INFO     at MainProcess MainThread in __main__.test.mess line 20
2023-03-17 12:15:57,760 INFO     at MainProcess MainThread in __main__.test.mess line 20
2023-03-17 12:15:57,760 INFO     at MainProcess MainThread in __main__.test.mess line 20
2023-03-17 12:15:57,761 INFO     at MainProcess MainThread in __main__.test.mess line 20
2023-03-17 12:16:55,319 DEBUG    at MainProcess MainThread in __main__.DefaultLogger.send_log line 43
2023-03-17 12:16:55,319 INFO     at MainProcess MainThread in __main__.test.add line 15
2023-03-17 12:16:55,320 WARNING  at MainProcess MainThread in __main__.test.add line 16
2023-03-17 12:16:55,321 DEBUG    at MainProcess MainThread in __main__.DefaultLogger.send_log line 43
2023-03-17 12:16:55,321 INFO     at MainProcess MainThread in __main__.test.mess line 20
2023-03-17 12:16:55,322 INFO     at MainProcess MainThread in __main__.test.mess line 20
2023-03-17 12:16:55,322 INFO     at MainProcess MainThread in __main__.test.mess line 20
2023-03-17 12:16:55,323 INFO     at MainProcess MainThread in __main__.test.mess line 20
2023-03-17 12:16:55,323 INFO     at MainProcess MainThread in __main__.test.mess line 20
2023-03-17 12:16:55,324 INFO     at MainProcess MainThread in __main__.test.mess line 20
